running develop
running egg_info
creating urdf_tutorial.egg-info
writing urdf_tutorial.egg-info/PKG-INFO
writing dependency_links to urdf_tutorial.egg-info/dependency_links.txt
writing entry points to urdf_tutorial.egg-info/entry_points.txt
writing requirements to urdf_tutorial.egg-info/requires.txt
writing top-level names to urdf_tutorial.egg-info/top_level.txt
writing manifest file 'urdf_tutorial.egg-info/SOURCES.txt'
reading manifest file 'urdf_tutorial.egg-info/SOURCES.txt'
writing manifest file 'urdf_tutorial.egg-info/SOURCES.txt'
running build_ext
Creating /root/host_dir/Workspace/ros_ws/install/urdf_tutorial/lib/python3.10/site-packages/urdf-tutorial.egg-link (link to .)

Installed /root/host_dir/Workspace/ros_ws/build/urdf_tutorial
running install_data
creating /root/host_dir/Workspace/ros_ws/install/urdf_tutorial/share/ament_index
creating /root/host_dir/Workspace/ros_ws/install/urdf_tutorial/share/ament_index/resource_index
creating /root/host_dir/Workspace/ros_ws/install/urdf_tutorial/share/ament_index/resource_index/packages
copying resource/urdf_tutorial -> /root/host_dir/Workspace/ros_ws/install/urdf_tutorial/share/ament_index/resource_index/packages
copying package.xml -> /root/host_dir/Workspace/ros_ws/install/urdf_tutorial/share/urdf_tutorial
creating /root/host_dir/Workspace/ros_ws/install/urdf_tutorial/share/urdf_tutorial/launch
copying launch/robot_1.launch.py -> /root/host_dir/Workspace/ros_ws/install/urdf_tutorial/share/urdf_tutorial/launch
creating /root/host_dir/Workspace/ros_ws/install/urdf_tutorial/share/urdf_tutorial/urdf
copying urdf/robot_1.xacro -> /root/host_dir/Workspace/ros_ws/install/urdf_tutorial/share/urdf_tutorial/urdf
