[0.335s] Invoking command in '/root/host_dir/Workspace/ros_ws/build/ros_tutorial': PYTHONPATH=/root/host_dir/Workspace/ros_ws/build/ros_tutorial/prefix_override:/root/host_dir/Workspace/ros_ws/install/ros_tutorial/lib/python3.10/site-packages:${PYTHONPATH} /usr/bin/python3 setup.py develop --editable --build-directory /root/host_dir/Workspace/ros_ws/build/ros_tutorial/build --no-deps install_data
[0.465s] running develop
[0.537s] running egg_info
[0.537s] writing ros_tutorial.egg-info/PKG-INFO
[0.538s] writing dependency_links to ros_tutorial.egg-info/dependency_links.txt
[0.539s] writing entry points to ros_tutorial.egg-info/entry_points.txt
[0.539s] writing requirements to ros_tutorial.egg-info/requires.txt
[0.539s] writing top-level names to ros_tutorial.egg-info/top_level.txt
[0.543s] reading manifest file 'ros_tutorial.egg-info/SOURCES.txt'
[0.545s] writing manifest file 'ros_tutorial.egg-info/SOURCES.txt'
[0.546s] running build_ext
[0.546s] Creating /root/host_dir/Workspace/ros_ws/install/ros_tutorial/lib/python3.10/site-packages/ros-tutorial.egg-link (link to .)
[0.548s] Installing turtlesim_abs_client script to /root/host_dir/Workspace/ros_ws/install/ros_tutorial/lib/ros_tutorial
[0.549s] Installing turtlesim_abs_server script to /root/host_dir/Workspace/ros_ws/install/ros_tutorial/lib/ros_tutorial
[0.551s] Installing turtlesim_circle script to /root/host_dir/Workspace/ros_ws/install/ros_tutorial/lib/ros_tutorial
[0.552s] Installing turtlesim_echo script to /root/host_dir/Workspace/ros_ws/install/ros_tutorial/lib/ros_tutorial
[0.553s] Installing turtlesim_rot_client script to /root/host_dir/Workspace/ros_ws/install/ros_tutorial/lib/ros_tutorial
[0.554s] Installing turtlesim_rot_server script to /root/host_dir/Workspace/ros_ws/install/ros_tutorial/lib/ros_tutorial
[0.555s] 
[0.555s] Installed /root/host_dir/Workspace/ros_ws/build/ros_tutorial
[0.556s] running install_data
[0.575s] Invoked command in '/root/host_dir/Workspace/ros_ws/build/ros_tutorial' returned '0': PYTHONPATH=/root/host_dir/Workspace/ros_ws/build/ros_tutorial/prefix_override:/root/host_dir/Workspace/ros_ws/install/ros_tutorial/lib/python3.10/site-packages:${PYTHONPATH} /usr/bin/python3 setup.py develop --editable --build-directory /root/host_dir/Workspace/ros_ws/build/ros_tutorial/build --no-deps install_data
