[0.195s] DEBUG:colcon:Command line arguments: ['/usr/bin/colcon', 'build', '--symlink-install']
[0.196s] DEBUG:colcon:Parsed command line arguments: Namespace(log_base=None, log_level=None, verb_name='build', build_base='build', install_base='install', merge_install=False, symlink_install=True, test_result_base=None, continue_on_error=False, executor='parallel', parallel_workers=4, event_handlers=None, ignore_user_meta=False, metas=['./colcon.meta'], base_paths=['.'], packages_ignore=None, packages_ignore_regex=None, paths=None, packages_up_to=None, packages_up_to_regex=None, packages_above=None, packages_above_and_dependencies=None, packages_above_depth=None, packages_select_by_dep=None, packages_skip_by_dep=None, packages_skip_up_to=None, packages_select_build_failed=False, packages_skip_build_finished=False, packages_select_test_failures=False, packages_skip_test_passed=False, packages_select=None, packages_skip=None, packages_select_regex=None, packages_skip_regex=None, packages_start=None, packages_end=None, cmake_args=None, cmake_target=None, cmake_target_skip_unavailable=False, cmake_clean_cache=False, cmake_clean_first=False, cmake_force_configure=False, ament_cmake_args=None, catkin_cmake_args=None, catkin_skip_building_tests=False, mixin_files=None, mixin=None, verb_parser=<colcon_mixin.mixin.mixin_argument.MixinArgumentDecorator object at 0xffffa29f2ce0>, verb_extension=<colcon_core.verb.build.BuildVerb object at 0xffffa29f2650>, main=<bound method BuildVerb.main of <colcon_core.verb.build.BuildVerb object at 0xffffa29f2650>>, mixin_verb=('build',))
[0.218s] Level 1:colcon.colcon_core.package_discovery:discover_packages(colcon_meta) check parameters
[0.219s] INFO:colcon.colcon_metadata.package_discovery.colcon_meta:Using configuration from '/root/.colcon/metadata/default/Gazebo.meta'
[0.220s] INFO:colcon.colcon_metadata.package_discovery.colcon_meta:Using configuration from '/root/.colcon/metadata/default/fastrtps.meta'
[0.220s] Level 1:colcon.colcon_core.package_discovery:discover_packages(recursive) check parameters
[0.220s] Level 1:colcon.colcon_core.package_discovery:discover_packages(ignore) check parameters
[0.220s] Level 1:colcon.colcon_core.package_discovery:discover_packages(path) check parameters
[0.220s] Level 1:colcon.colcon_core.package_discovery:discover_packages(colcon_meta) discover
[0.220s] Level 1:colcon.colcon_core.package_discovery:discover_packages(recursive) discover
[0.221s] INFO:colcon.colcon_core.package_discovery:Crawling recursively for packages in '/root/host_dir/Workspace/ros_ws/src/ros_tutorial'
[0.221s] Level 1:colcon.colcon_core.package_identification:_identify(.) by extensions ['ignore', 'ignore_ament_install']
[0.221s] Level 1:colcon.colcon_core.package_identification:_identify(.) by extension 'ignore'
[0.221s] Level 1:colcon.colcon_core.package_identification:_identify(.) by extension 'ignore_ament_install'
[0.222s] Level 1:colcon.colcon_core.package_identification:_identify(.) by extensions ['colcon_pkg']
[0.222s] Level 1:colcon.colcon_core.package_identification:_identify(.) by extension 'colcon_pkg'
[0.222s] Level 1:colcon.colcon_core.package_identification:_identify(.) by extensions ['colcon_meta']
[0.222s] Level 1:colcon.colcon_core.package_identification:_identify(.) by extension 'colcon_meta'
[0.222s] Level 1:colcon.colcon_core.package_identification:_identify(.) by extensions ['ros']
[0.222s] Level 1:colcon.colcon_core.package_identification:_identify(.) by extension 'ros'
[0.232s] DEBUG:colcon.colcon_core.package_identification:Package '.' with type 'ros.ament_python' and name 'ros_tutorial'
[0.232s] Level 1:colcon.colcon_core.package_discovery:discover_packages(recursive) using defaults
[0.232s] Level 1:colcon.colcon_core.package_discovery:discover_packages(ignore) discover
[0.232s] Level 1:colcon.colcon_core.package_discovery:discover_packages(ignore) using defaults
[0.232s] Level 1:colcon.colcon_core.package_discovery:discover_packages(path) discover
[0.232s] Level 1:colcon.colcon_core.package_discovery:discover_packages(path) using defaults
[0.247s] Level 5:colcon.colcon_core.verb:set package 'ros_tutorial' build argument 'cmake_args' from command line to 'None'
[0.247s] Level 5:colcon.colcon_core.verb:set package 'ros_tutorial' build argument 'cmake_target' from command line to 'None'
[0.247s] Level 5:colcon.colcon_core.verb:set package 'ros_tutorial' build argument 'cmake_target_skip_unavailable' from command line to 'False'
[0.248s] Level 5:colcon.colcon_core.verb:set package 'ros_tutorial' build argument 'cmake_clean_cache' from command line to 'False'
[0.248s] Level 5:colcon.colcon_core.verb:set package 'ros_tutorial' build argument 'cmake_clean_first' from command line to 'False'
[0.248s] Level 5:colcon.colcon_core.verb:set package 'ros_tutorial' build argument 'cmake_force_configure' from command line to 'False'
[0.248s] Level 5:colcon.colcon_core.verb:set package 'ros_tutorial' build argument 'ament_cmake_args' from command line to 'None'
[0.248s] Level 5:colcon.colcon_core.verb:set package 'ros_tutorial' build argument 'catkin_cmake_args' from command line to 'None'
[0.248s] Level 5:colcon.colcon_core.verb:set package 'ros_tutorial' build argument 'catkin_skip_building_tests' from command line to 'False'
[0.248s] DEBUG:colcon.colcon_core.verb:Building package 'ros_tutorial' with the following arguments: {'ament_cmake_args': None, 'build_base': '/root/host_dir/Workspace/ros_ws/src/ros_tutorial/build/ros_tutorial', 'catkin_cmake_args': None, 'catkin_skip_building_tests': False, 'cmake_args': None, 'cmake_clean_cache': False, 'cmake_clean_first': False, 'cmake_force_configure': False, 'cmake_target': None, 'cmake_target_skip_unavailable': False, 'install_base': '/root/host_dir/Workspace/ros_ws/src/ros_tutorial/install/ros_tutorial', 'merge_install': False, 'path': '/root/host_dir/Workspace/ros_ws/src/ros_tutorial', 'symlink_install': True, 'test_result_base': None}
[0.249s] INFO:colcon.colcon_core.executor:Executing jobs using 'parallel' executor
[0.250s] DEBUG:colcon.colcon_parallel_executor.executor.parallel:run_until_complete
[0.250s] INFO:colcon.colcon_ros.task.ament_python.build:Building ROS package in '/root/host_dir/Workspace/ros_ws/src/ros_tutorial' with build type 'ament_python'
[0.251s] Level 1:colcon.colcon_core.shell:create_environment_hook('ros_tutorial', 'ament_prefix_path')
[0.254s] INFO:colcon.colcon_core.plugin_system:Skipping extension 'colcon_core.shell.bat': Not used on non-Windows systems
[0.254s] INFO:colcon.colcon_core.shell:Creating environment hook '/root/host_dir/Workspace/ros_ws/src/ros_tutorial/install/ros_tutorial/share/ros_tutorial/hook/ament_prefix_path.ps1'
[0.256s] INFO:colcon.colcon_core.shell:Creating environment descriptor '/root/host_dir/Workspace/ros_ws/src/ros_tutorial/install/ros_tutorial/share/ros_tutorial/hook/ament_prefix_path.dsv'
[0.257s] INFO:colcon.colcon_core.shell:Creating environment hook '/root/host_dir/Workspace/ros_ws/src/ros_tutorial/install/ros_tutorial/share/ros_tutorial/hook/ament_prefix_path.sh'
[0.258s] INFO:colcon.colcon_core.shell:Skip shell extension 'powershell' for command environment: Not usable outside of PowerShell
[0.259s] DEBUG:colcon.colcon_core.shell:Skip shell extension 'dsv' for command environment
[0.389s] INFO:colcon.colcon_core.task.python.build:Building Python package in '/root/host_dir/Workspace/ros_ws/src/ros_tutorial'
[0.389s] INFO:colcon.colcon_core.shell:Skip shell extension 'powershell' for command environment: Not usable outside of PowerShell
[0.390s] DEBUG:colcon.colcon_core.shell:Skip shell extension 'dsv' for command environment
[0.577s] DEBUG:colcon.colcon_core.event_handler.log_command:Invoking command in '/root/host_dir/Workspace/ros_ws/src/ros_tutorial/build/ros_tutorial': PYTHONPATH=/root/host_dir/Workspace/ros_ws/src/ros_tutorial/build/ros_tutorial/prefix_override:/root/host_dir/Workspace/ros_ws/src/ros_tutorial/install/ros_tutorial/lib/python3.10/site-packages:${PYTHONPATH} /usr/bin/python3 setup.py develop --editable --build-directory /root/host_dir/Workspace/ros_ws/src/ros_tutorial/build/ros_tutorial/build --no-deps install_data
[0.804s] Level 1:colcon.colcon_core.shell:create_environment_hook('ros_tutorial', 'pythonpath_develop')
[0.805s] INFO:colcon.colcon_core.shell:Creating environment hook '/root/host_dir/Workspace/ros_ws/src/ros_tutorial/build/ros_tutorial/share/ros_tutorial/hook/pythonpath_develop.ps1'
[0.806s] DEBUG:colcon.colcon_core.event_handler.log_command:Invoked command in '/root/host_dir/Workspace/ros_ws/src/ros_tutorial/build/ros_tutorial' returned '0': PYTHONPATH=/root/host_dir/Workspace/ros_ws/src/ros_tutorial/build/ros_tutorial/prefix_override:/root/host_dir/Workspace/ros_ws/src/ros_tutorial/install/ros_tutorial/lib/python3.10/site-packages:${PYTHONPATH} /usr/bin/python3 setup.py develop --editable --build-directory /root/host_dir/Workspace/ros_ws/src/ros_tutorial/build/ros_tutorial/build --no-deps install_data
[0.807s] INFO:colcon.colcon_core.shell:Creating environment descriptor '/root/host_dir/Workspace/ros_ws/src/ros_tutorial/build/ros_tutorial/share/ros_tutorial/hook/pythonpath_develop.dsv'
[0.807s] INFO:colcon.colcon_core.shell:Creating environment hook '/root/host_dir/Workspace/ros_ws/src/ros_tutorial/build/ros_tutorial/share/ros_tutorial/hook/pythonpath_develop.sh'
[0.811s] Level 1:colcon.colcon_core.environment:checking '/root/host_dir/Workspace/ros_ws/src/ros_tutorial/install/ros_tutorial' for CMake module files
[0.812s] Level 1:colcon.colcon_core.environment:checking '/root/host_dir/Workspace/ros_ws/src/ros_tutorial/install/ros_tutorial' for CMake config files
[0.815s] Level 1:colcon.colcon_core.environment:checking '/root/host_dir/Workspace/ros_ws/src/ros_tutorial/install/ros_tutorial/lib'
[0.815s] Level 1:colcon.colcon_core.environment:checking '/root/host_dir/Workspace/ros_ws/src/ros_tutorial/install/ros_tutorial/bin'
[0.815s] Level 1:colcon.colcon_core.environment:checking '/root/host_dir/Workspace/ros_ws/src/ros_tutorial/install/ros_tutorial/lib/pkgconfig/ros_tutorial.pc'
[0.816s] Level 1:colcon.colcon_core.environment:checking '/root/host_dir/Workspace/ros_ws/src/ros_tutorial/install/ros_tutorial/lib/python3.10/site-packages'
[0.816s] Level 1:colcon.colcon_core.shell:create_environment_hook('ros_tutorial', 'pythonpath')
[0.817s] INFO:colcon.colcon_core.shell:Creating environment hook '/root/host_dir/Workspace/ros_ws/src/ros_tutorial/install/ros_tutorial/share/ros_tutorial/hook/pythonpath.ps1'
[0.818s] INFO:colcon.colcon_core.shell:Creating environment descriptor '/root/host_dir/Workspace/ros_ws/src/ros_tutorial/install/ros_tutorial/share/ros_tutorial/hook/pythonpath.dsv'
[0.819s] INFO:colcon.colcon_core.shell:Creating environment hook '/root/host_dir/Workspace/ros_ws/src/ros_tutorial/install/ros_tutorial/share/ros_tutorial/hook/pythonpath.sh'
[0.821s] Level 1:colcon.colcon_core.environment:checking '/root/host_dir/Workspace/ros_ws/src/ros_tutorial/install/ros_tutorial/bin'
[0.821s] Level 1:colcon.colcon_core.environment:create_environment_scripts_only(ros_tutorial)
[0.822s] INFO:colcon.colcon_core.shell:Creating package script '/root/host_dir/Workspace/ros_ws/src/ros_tutorial/install/ros_tutorial/share/ros_tutorial/package.ps1'
[0.823s] INFO:colcon.colcon_core.shell:Creating package descriptor '/root/host_dir/Workspace/ros_ws/src/ros_tutorial/install/ros_tutorial/share/ros_tutorial/package.dsv'
[0.824s] INFO:colcon.colcon_core.shell:Creating package script '/root/host_dir/Workspace/ros_ws/src/ros_tutorial/install/ros_tutorial/share/ros_tutorial/package.sh'
[0.825s] INFO:colcon.colcon_core.shell:Creating package script '/root/host_dir/Workspace/ros_ws/src/ros_tutorial/install/ros_tutorial/share/ros_tutorial/package.bash'
[0.826s] INFO:colcon.colcon_core.shell:Creating package script '/root/host_dir/Workspace/ros_ws/src/ros_tutorial/install/ros_tutorial/share/ros_tutorial/package.zsh'
[0.826s] Level 1:colcon.colcon_core.environment:create_file_with_runtime_dependencies(/root/host_dir/Workspace/ros_ws/src/ros_tutorial/install/ros_tutorial/share/colcon-core/packages/ros_tutorial)
[0.827s] DEBUG:colcon.colcon_parallel_executor.executor.parallel:closing loop
[0.828s] DEBUG:colcon.colcon_parallel_executor.executor.parallel:loop closed
[0.828s] DEBUG:colcon.colcon_parallel_executor.executor.parallel:run_until_complete finished with '0'
[0.828s] DEBUG:colcon.colcon_core.event_reactor:joining thread
[0.834s] INFO:colcon.colcon_core.plugin_system:Skipping extension 'colcon_notification.desktop_notification.notify_send': Could not find 'notify-send'
[0.834s] INFO:colcon.colcon_core.plugin_system:Skipping extension 'colcon_notification.desktop_notification.terminal_notifier': Not used on non-Darwin systems
[0.834s] INFO:colcon.colcon_core.plugin_system:Skipping extension 'colcon_notification.desktop_notification.win32': Not used on non-Windows systems
[0.834s] INFO:colcon.colcon_notification.desktop_notification:Sending desktop notification using 'notify2'
[0.836s] DEBUG:colcon.colcon_notification.desktop_notification.notify2:Failed to initialize notify2: org.freedesktop.DBus.Error.Spawn.ExecFailed: /usr/bin/dbus-launch terminated abnormally without any error message
[0.836s] DEBUG:colcon.colcon_core.event_reactor:joined thread
[0.837s] INFO:colcon.colcon_core.shell:Creating prefix script '/root/host_dir/Workspace/ros_ws/src/ros_tutorial/install/local_setup.ps1'
[0.839s] INFO:colcon.colcon_core.shell:Creating prefix util module '/root/host_dir/Workspace/ros_ws/src/ros_tutorial/install/_local_setup_util_ps1.py'
[0.840s] INFO:colcon.colcon_core.shell:Creating prefix chain script '/root/host_dir/Workspace/ros_ws/src/ros_tutorial/install/setup.ps1'
[0.842s] INFO:colcon.colcon_core.shell:Creating prefix script '/root/host_dir/Workspace/ros_ws/src/ros_tutorial/install/local_setup.sh'
[0.843s] INFO:colcon.colcon_core.shell:Creating prefix util module '/root/host_dir/Workspace/ros_ws/src/ros_tutorial/install/_local_setup_util_sh.py'
[0.843s] INFO:colcon.colcon_core.shell:Creating prefix chain script '/root/host_dir/Workspace/ros_ws/src/ros_tutorial/install/setup.sh'
[0.845s] INFO:colcon.colcon_core.shell:Creating prefix script '/root/host_dir/Workspace/ros_ws/src/ros_tutorial/install/local_setup.bash'
[0.845s] INFO:colcon.colcon_core.shell:Creating prefix chain script '/root/host_dir/Workspace/ros_ws/src/ros_tutorial/install/setup.bash'
[0.846s] INFO:colcon.colcon_core.shell:Creating prefix script '/root/host_dir/Workspace/ros_ws/src/ros_tutorial/install/local_setup.zsh'
[0.847s] INFO:colcon.colcon_core.shell:Creating prefix chain script '/root/host_dir/Workspace/ros_ws/src/ros_tutorial/install/setup.zsh'
