[0.164s] DEBUG:colcon:Command line arguments: ['/usr/bin/colcon', 'build', '--symlink-install']
[0.165s] DEBUG:colcon:Parsed command line arguments: Namespace(log_base=None, log_level=None, verb_name='build', build_base='build', install_base='install', merge_install=False, symlink_install=True, test_result_base=None, continue_on_error=False, executor='parallel', parallel_workers=4, event_handlers=None, ignore_user_meta=False, metas=['./colcon.meta'], base_paths=['.'], packages_ignore=None, packages_ignore_regex=None, paths=None, packages_up_to=None, packages_up_to_regex=None, packages_above=None, packages_above_and_dependencies=None, packages_above_depth=None, packages_select_by_dep=None, packages_skip_by_dep=None, packages_skip_up_to=None, packages_select_build_failed=False, packages_skip_build_finished=False, packages_select_test_failures=False, packages_skip_test_passed=False, packages_select=None, packages_skip=None, packages_select_regex=None, packages_skip_regex=None, packages_start=None, packages_end=None, cmake_args=None, cmake_target=None, cmake_target_skip_unavailable=False, cmake_clean_cache=False, cmake_clean_first=False, cmake_force_configure=False, ament_cmake_args=None, catkin_cmake_args=None, catkin_skip_building_tests=False, mixin_files=None, mixin=None, verb_parser=<colcon_mixin.mixin.mixin_argument.MixinArgumentDecorator object at 0xffff8ef0b6d0>, verb_extension=<colcon_core.verb.build.BuildVerb object at 0xffff8ef0b040>, main=<bound method BuildVerb.main of <colcon_core.verb.build.BuildVerb object at 0xffff8ef0b040>>, mixin_verb=('build',))
[0.182s] Level 1:colcon.colcon_core.package_discovery:discover_packages(colcon_meta) check parameters
[0.183s] INFO:colcon.colcon_metadata.package_discovery.colcon_meta:Using configuration from '/root/.colcon/metadata/default/Gazebo.meta'
[0.183s] INFO:colcon.colcon_metadata.package_discovery.colcon_meta:Using configuration from '/root/.colcon/metadata/default/fastrtps.meta'
[0.183s] Level 1:colcon.colcon_core.package_discovery:discover_packages(recursive) check parameters
[0.184s] Level 1:colcon.colcon_core.package_discovery:discover_packages(ignore) check parameters
[0.184s] Level 1:colcon.colcon_core.package_discovery:discover_packages(path) check parameters
[0.184s] Level 1:colcon.colcon_core.package_discovery:discover_packages(colcon_meta) discover
[0.184s] Level 1:colcon.colcon_core.package_discovery:discover_packages(recursive) discover
[0.184s] INFO:colcon.colcon_core.package_discovery:Crawling recursively for packages in '/root/host_dir/Workspace/ros_ws'
[0.184s] Level 1:colcon.colcon_core.package_identification:_identify(.) by extensions ['ignore', 'ignore_ament_install']
[0.185s] Level 1:colcon.colcon_core.package_identification:_identify(.) by extension 'ignore'
[0.185s] Level 1:colcon.colcon_core.package_identification:_identify(.) by extension 'ignore_ament_install'
[0.185s] Level 1:colcon.colcon_core.package_identification:_identify(.) by extensions ['colcon_pkg']
[0.185s] Level 1:colcon.colcon_core.package_identification:_identify(.) by extension 'colcon_pkg'
[0.185s] Level 1:colcon.colcon_core.package_identification:_identify(.) by extensions ['colcon_meta']
[0.186s] Level 1:colcon.colcon_core.package_identification:_identify(.) by extension 'colcon_meta'
[0.186s] Level 1:colcon.colcon_core.package_identification:_identify(.) by extensions ['ros']
[0.186s] Level 1:colcon.colcon_core.package_identification:_identify(.) by extension 'ros'
[0.193s] Level 1:colcon.colcon_core.package_identification:_identify(.) by extensions ['cmake', 'python']
[0.193s] Level 1:colcon.colcon_core.package_identification:_identify(.) by extension 'cmake'
[0.193s] Level 1:colcon.colcon_core.package_identification:_identify(.) by extension 'python'
[0.193s] Level 1:colcon.colcon_core.package_identification:_identify(.) by extensions ['python_setup_py']
[0.193s] Level 1:colcon.colcon_core.package_identification:_identify(.) by extension 'python_setup_py'
[0.194s] Level 1:colcon.colcon_core.package_identification:_identify(build) by extensions ['ignore', 'ignore_ament_install']
[0.194s] Level 1:colcon.colcon_core.package_identification:_identify(build) by extension 'ignore'
[0.194s] Level 1:colcon.colcon_core.package_identification:_identify(build) ignored
[0.194s] Level 1:colcon.colcon_core.package_identification:_identify(install) by extensions ['ignore', 'ignore_ament_install']
[0.195s] Level 1:colcon.colcon_core.package_identification:_identify(install) by extension 'ignore'
[0.195s] Level 1:colcon.colcon_core.package_identification:_identify(install) ignored
[0.195s] Level 1:colcon.colcon_core.package_identification:_identify(log) by extensions ['ignore', 'ignore_ament_install']
[0.196s] Level 1:colcon.colcon_core.package_identification:_identify(log) by extension 'ignore'
[0.196s] Level 1:colcon.colcon_core.package_identification:_identify(log) ignored
[0.196s] Level 1:colcon.colcon_core.package_identification:_identify(src) by extensions ['ignore', 'ignore_ament_install']
[0.196s] Level 1:colcon.colcon_core.package_identification:_identify(src) by extension 'ignore'
[0.196s] Level 1:colcon.colcon_core.package_identification:_identify(src) by extension 'ignore_ament_install'
[0.197s] Level 1:colcon.colcon_core.package_identification:_identify(src) by extensions ['colcon_pkg']
[0.197s] Level 1:colcon.colcon_core.package_identification:_identify(src) by extension 'colcon_pkg'
[0.197s] Level 1:colcon.colcon_core.package_identification:_identify(src) by extensions ['colcon_meta']
[0.197s] Level 1:colcon.colcon_core.package_identification:_identify(src) by extension 'colcon_meta'
[0.197s] Level 1:colcon.colcon_core.package_identification:_identify(src) by extensions ['ros']
[0.197s] Level 1:colcon.colcon_core.package_identification:_identify(src) by extension 'ros'
[0.198s] Level 1:colcon.colcon_core.package_identification:_identify(src) by extensions ['cmake', 'python']
[0.198s] Level 1:colcon.colcon_core.package_identification:_identify(src) by extension 'cmake'
[0.198s] Level 1:colcon.colcon_core.package_identification:_identify(src) by extension 'python'
[0.198s] Level 1:colcon.colcon_core.package_identification:_identify(src) by extensions ['python_setup_py']
[0.198s] Level 1:colcon.colcon_core.package_identification:_identify(src) by extension 'python_setup_py'
[0.199s] Level 1:colcon.colcon_core.package_identification:_identify(src/ros_tutorial) by extensions ['ignore', 'ignore_ament_install']
[0.199s] Level 1:colcon.colcon_core.package_identification:_identify(src/ros_tutorial) by extension 'ignore'
[0.199s] Level 1:colcon.colcon_core.package_identification:_identify(src/ros_tutorial) by extension 'ignore_ament_install'
[0.199s] Level 1:colcon.colcon_core.package_identification:_identify(src/ros_tutorial) by extensions ['colcon_pkg']
[0.200s] Level 1:colcon.colcon_core.package_identification:_identify(src/ros_tutorial) by extension 'colcon_pkg'
[0.200s] Level 1:colcon.colcon_core.package_identification:_identify(src/ros_tutorial) by extensions ['colcon_meta']
[0.200s] Level 1:colcon.colcon_core.package_identification:_identify(src/ros_tutorial) by extension 'colcon_meta'
[0.200s] Level 1:colcon.colcon_core.package_identification:_identify(src/ros_tutorial) by extensions ['ros']
[0.200s] Level 1:colcon.colcon_core.package_identification:_identify(src/ros_tutorial) by extension 'ros'
[0.202s] DEBUG:colcon.colcon_core.package_identification:Package 'src/ros_tutorial' with type 'ros.ament_python' and name 'ros_tutorial'
[0.202s] Level 1:colcon.colcon_core.package_identification:_identify(src/urdf_tutorial) by extensions ['ignore', 'ignore_ament_install']
[0.203s] Level 1:colcon.colcon_core.package_identification:_identify(src/urdf_tutorial) by extension 'ignore'
[0.203s] Level 1:colcon.colcon_core.package_identification:_identify(src/urdf_tutorial) by extension 'ignore_ament_install'
[0.203s] Level 1:colcon.colcon_core.package_identification:_identify(src/urdf_tutorial) by extensions ['colcon_pkg']
[0.203s] Level 1:colcon.colcon_core.package_identification:_identify(src/urdf_tutorial) by extension 'colcon_pkg'
[0.203s] Level 1:colcon.colcon_core.package_identification:_identify(src/urdf_tutorial) by extensions ['colcon_meta']
[0.203s] Level 1:colcon.colcon_core.package_identification:_identify(src/urdf_tutorial) by extension 'colcon_meta'
[0.203s] Level 1:colcon.colcon_core.package_identification:_identify(src/urdf_tutorial) by extensions ['ros']
[0.204s] Level 1:colcon.colcon_core.package_identification:_identify(src/urdf_tutorial) by extension 'ros'
[0.204s] DEBUG:colcon.colcon_core.package_identification:Package 'src/urdf_tutorial' with type 'ros.ament_python' and name 'urdf_tutorial'
[0.204s] Level 1:colcon.colcon_core.package_discovery:discover_packages(recursive) using defaults
[0.204s] Level 1:colcon.colcon_core.package_discovery:discover_packages(ignore) discover
[0.204s] Level 1:colcon.colcon_core.package_discovery:discover_packages(ignore) using defaults
[0.205s] Level 1:colcon.colcon_core.package_discovery:discover_packages(path) discover
[0.205s] Level 1:colcon.colcon_core.package_discovery:discover_packages(path) using defaults
[0.218s] Level 5:colcon.colcon_core.verb:set package 'ros_tutorial' build argument 'cmake_args' from command line to 'None'
[0.218s] Level 5:colcon.colcon_core.verb:set package 'ros_tutorial' build argument 'cmake_target' from command line to 'None'
[0.218s] Level 5:colcon.colcon_core.verb:set package 'ros_tutorial' build argument 'cmake_target_skip_unavailable' from command line to 'False'
[0.218s] Level 5:colcon.colcon_core.verb:set package 'ros_tutorial' build argument 'cmake_clean_cache' from command line to 'False'
[0.218s] Level 5:colcon.colcon_core.verb:set package 'ros_tutorial' build argument 'cmake_clean_first' from command line to 'False'
[0.218s] Level 5:colcon.colcon_core.verb:set package 'ros_tutorial' build argument 'cmake_force_configure' from command line to 'False'
[0.218s] Level 5:colcon.colcon_core.verb:set package 'ros_tutorial' build argument 'ament_cmake_args' from command line to 'None'
[0.219s] Level 5:colcon.colcon_core.verb:set package 'ros_tutorial' build argument 'catkin_cmake_args' from command line to 'None'
[0.219s] Level 5:colcon.colcon_core.verb:set package 'ros_tutorial' build argument 'catkin_skip_building_tests' from command line to 'False'
[0.219s] DEBUG:colcon.colcon_core.verb:Building package 'ros_tutorial' with the following arguments: {'ament_cmake_args': None, 'build_base': '/root/host_dir/Workspace/ros_ws/build/ros_tutorial', 'catkin_cmake_args': None, 'catkin_skip_building_tests': False, 'cmake_args': None, 'cmake_clean_cache': False, 'cmake_clean_first': False, 'cmake_force_configure': False, 'cmake_target': None, 'cmake_target_skip_unavailable': False, 'install_base': '/root/host_dir/Workspace/ros_ws/install/ros_tutorial', 'merge_install': False, 'path': '/root/host_dir/Workspace/ros_ws/src/ros_tutorial', 'symlink_install': True, 'test_result_base': None}
[0.219s] Level 5:colcon.colcon_core.verb:set package 'urdf_tutorial' build argument 'cmake_args' from command line to 'None'
[0.219s] Level 5:colcon.colcon_core.verb:set package 'urdf_tutorial' build argument 'cmake_target' from command line to 'None'
[0.220s] Level 5:colcon.colcon_core.verb:set package 'urdf_tutorial' build argument 'cmake_target_skip_unavailable' from command line to 'False'
[0.220s] Level 5:colcon.colcon_core.verb:set package 'urdf_tutorial' build argument 'cmake_clean_cache' from command line to 'False'
[0.220s] Level 5:colcon.colcon_core.verb:set package 'urdf_tutorial' build argument 'cmake_clean_first' from command line to 'False'
[0.220s] Level 5:colcon.colcon_core.verb:set package 'urdf_tutorial' build argument 'cmake_force_configure' from command line to 'False'
[0.220s] Level 5:colcon.colcon_core.verb:set package 'urdf_tutorial' build argument 'ament_cmake_args' from command line to 'None'
[0.220s] Level 5:colcon.colcon_core.verb:set package 'urdf_tutorial' build argument 'catkin_cmake_args' from command line to 'None'
[0.220s] Level 5:colcon.colcon_core.verb:set package 'urdf_tutorial' build argument 'catkin_skip_building_tests' from command line to 'False'
[0.220s] DEBUG:colcon.colcon_core.verb:Building package 'urdf_tutorial' with the following arguments: {'ament_cmake_args': None, 'build_base': '/root/host_dir/Workspace/ros_ws/build/urdf_tutorial', 'catkin_cmake_args': None, 'catkin_skip_building_tests': False, 'cmake_args': None, 'cmake_clean_cache': False, 'cmake_clean_first': False, 'cmake_force_configure': False, 'cmake_target': None, 'cmake_target_skip_unavailable': False, 'install_base': '/root/host_dir/Workspace/ros_ws/install/urdf_tutorial', 'merge_install': False, 'path': '/root/host_dir/Workspace/ros_ws/src/urdf_tutorial', 'symlink_install': True, 'test_result_base': None}
[0.221s] INFO:colcon.colcon_core.executor:Executing jobs using 'parallel' executor
[0.222s] DEBUG:colcon.colcon_parallel_executor.executor.parallel:run_until_complete
[0.223s] INFO:colcon.colcon_ros.task.ament_python.build:Building ROS package in '/root/host_dir/Workspace/ros_ws/src/ros_tutorial' with build type 'ament_python'
[0.223s] Level 1:colcon.colcon_core.shell:create_environment_hook('ros_tutorial', 'ament_prefix_path')
[0.225s] INFO:colcon.colcon_core.plugin_system:Skipping extension 'colcon_core.shell.bat': Not used on non-Windows systems
[0.225s] INFO:colcon.colcon_core.shell:Creating environment hook '/root/host_dir/Workspace/ros_ws/install/ros_tutorial/share/ros_tutorial/hook/ament_prefix_path.ps1'
[0.226s] INFO:colcon.colcon_core.shell:Creating environment descriptor '/root/host_dir/Workspace/ros_ws/install/ros_tutorial/share/ros_tutorial/hook/ament_prefix_path.dsv'
[0.227s] INFO:colcon.colcon_core.shell:Creating environment hook '/root/host_dir/Workspace/ros_ws/install/ros_tutorial/share/ros_tutorial/hook/ament_prefix_path.sh'
[0.228s] INFO:colcon.colcon_core.shell:Skip shell extension 'powershell' for command environment: Not usable outside of PowerShell
[0.228s] DEBUG:colcon.colcon_core.shell:Skip shell extension 'dsv' for command environment
[0.234s] INFO:colcon.colcon_ros.task.ament_python.build:Building ROS package in '/root/host_dir/Workspace/ros_ws/src/urdf_tutorial' with build type 'ament_python'
[0.234s] Level 1:colcon.colcon_core.shell:create_environment_hook('urdf_tutorial', 'ament_prefix_path')
[0.235s] INFO:colcon.colcon_core.shell:Creating environment hook '/root/host_dir/Workspace/ros_ws/install/urdf_tutorial/share/urdf_tutorial/hook/ament_prefix_path.ps1'
[0.236s] INFO:colcon.colcon_core.shell:Creating environment descriptor '/root/host_dir/Workspace/ros_ws/install/urdf_tutorial/share/urdf_tutorial/hook/ament_prefix_path.dsv'
[0.237s] INFO:colcon.colcon_core.shell:Creating environment hook '/root/host_dir/Workspace/ros_ws/install/urdf_tutorial/share/urdf_tutorial/hook/ament_prefix_path.sh'
[0.238s] INFO:colcon.colcon_core.shell:Skip shell extension 'powershell' for command environment: Not usable outside of PowerShell
[0.238s] DEBUG:colcon.colcon_core.shell:Skip shell extension 'dsv' for command environment
[0.379s] INFO:colcon.colcon_core.task.python.build:Building Python package in '/root/host_dir/Workspace/ros_ws/src/ros_tutorial'
[0.379s] INFO:colcon.colcon_core.shell:Skip shell extension 'powershell' for command environment: Not usable outside of PowerShell
[0.380s] DEBUG:colcon.colcon_core.shell:Skip shell extension 'dsv' for command environment
[0.518s] INFO:colcon.colcon_core.task.python.build:Building Python package in '/root/host_dir/Workspace/ros_ws/src/urdf_tutorial'
[0.519s] INFO:colcon.colcon_core.shell:Skip shell extension 'powershell' for command environment: Not usable outside of PowerShell
[0.519s] DEBUG:colcon.colcon_core.shell:Skip shell extension 'dsv' for command environment
[0.722s] DEBUG:colcon.colcon_core.event_handler.log_command:Invoking command in '/root/host_dir/Workspace/ros_ws/build/urdf_tutorial': PYTHONPATH=/root/host_dir/Workspace/ros_ws/build/urdf_tutorial/prefix_override:/root/host_dir/Workspace/ros_ws/install/urdf_tutorial/lib/python3.10/site-packages:${PYTHONPATH} /usr/bin/python3 setup.py develop --editable --build-directory /root/host_dir/Workspace/ros_ws/build/urdf_tutorial/build --no-deps install_data
[0.727s] DEBUG:colcon.colcon_core.event_handler.log_command:Invoking command in '/root/host_dir/Workspace/ros_ws/build/ros_tutorial': PYTHONPATH=/root/host_dir/Workspace/ros_ws/build/ros_tutorial/prefix_override:/root/host_dir/Workspace/ros_ws/install/ros_tutorial/lib/python3.10/site-packages:${PYTHONPATH} /usr/bin/python3 setup.py develop --editable --build-directory /root/host_dir/Workspace/ros_ws/build/ros_tutorial/build --no-deps install_data
[0.999s] Level 1:colcon.colcon_core.shell:create_environment_hook('urdf_tutorial', 'pythonpath_develop')
[1.000s] INFO:colcon.colcon_core.shell:Creating environment hook '/root/host_dir/Workspace/ros_ws/build/urdf_tutorial/share/urdf_tutorial/hook/pythonpath_develop.ps1'
[1.000s] DEBUG:colcon.colcon_core.event_handler.log_command:Invoked command in '/root/host_dir/Workspace/ros_ws/build/urdf_tutorial' returned '0': PYTHONPATH=/root/host_dir/Workspace/ros_ws/build/urdf_tutorial/prefix_override:/root/host_dir/Workspace/ros_ws/install/urdf_tutorial/lib/python3.10/site-packages:${PYTHONPATH} /usr/bin/python3 setup.py develop --editable --build-directory /root/host_dir/Workspace/ros_ws/build/urdf_tutorial/build --no-deps install_data
[1.001s] INFO:colcon.colcon_core.shell:Creating environment descriptor '/root/host_dir/Workspace/ros_ws/build/urdf_tutorial/share/urdf_tutorial/hook/pythonpath_develop.dsv'
[1.002s] INFO:colcon.colcon_core.shell:Creating environment hook '/root/host_dir/Workspace/ros_ws/build/urdf_tutorial/share/urdf_tutorial/hook/pythonpath_develop.sh'
[1.005s] Level 1:colcon.colcon_core.environment:checking '/root/host_dir/Workspace/ros_ws/install/urdf_tutorial' for CMake module files
[1.007s] Level 1:colcon.colcon_core.environment:checking '/root/host_dir/Workspace/ros_ws/install/urdf_tutorial' for CMake config files
[1.010s] Level 1:colcon.colcon_core.environment:checking '/root/host_dir/Workspace/ros_ws/install/urdf_tutorial/lib'
[1.011s] Level 1:colcon.colcon_core.environment:checking '/root/host_dir/Workspace/ros_ws/install/urdf_tutorial/bin'
[1.011s] Level 1:colcon.colcon_core.environment:checking '/root/host_dir/Workspace/ros_ws/install/urdf_tutorial/lib/pkgconfig/urdf_tutorial.pc'
[1.011s] Level 1:colcon.colcon_core.environment:checking '/root/host_dir/Workspace/ros_ws/install/urdf_tutorial/lib/python3.10/site-packages'
[1.011s] Level 1:colcon.colcon_core.shell:create_environment_hook('urdf_tutorial', 'pythonpath')
[1.012s] INFO:colcon.colcon_core.shell:Creating environment hook '/root/host_dir/Workspace/ros_ws/install/urdf_tutorial/share/urdf_tutorial/hook/pythonpath.ps1'
[1.013s] INFO:colcon.colcon_core.shell:Creating environment descriptor '/root/host_dir/Workspace/ros_ws/install/urdf_tutorial/share/urdf_tutorial/hook/pythonpath.dsv'
[1.013s] INFO:colcon.colcon_core.shell:Creating environment hook '/root/host_dir/Workspace/ros_ws/install/urdf_tutorial/share/urdf_tutorial/hook/pythonpath.sh'
[1.014s] Level 1:colcon.colcon_core.environment:checking '/root/host_dir/Workspace/ros_ws/install/urdf_tutorial/bin'
[1.015s] Level 1:colcon.colcon_core.environment:create_environment_scripts_only(urdf_tutorial)
[1.015s] INFO:colcon.colcon_core.shell:Creating package script '/root/host_dir/Workspace/ros_ws/install/urdf_tutorial/share/urdf_tutorial/package.ps1'
[1.016s] INFO:colcon.colcon_core.shell:Creating package descriptor '/root/host_dir/Workspace/ros_ws/install/urdf_tutorial/share/urdf_tutorial/package.dsv'
[1.017s] INFO:colcon.colcon_core.shell:Creating package script '/root/host_dir/Workspace/ros_ws/install/urdf_tutorial/share/urdf_tutorial/package.sh'
[1.018s] INFO:colcon.colcon_core.shell:Creating package script '/root/host_dir/Workspace/ros_ws/install/urdf_tutorial/share/urdf_tutorial/package.bash'
[1.019s] INFO:colcon.colcon_core.shell:Creating package script '/root/host_dir/Workspace/ros_ws/install/urdf_tutorial/share/urdf_tutorial/package.zsh'
[1.019s] Level 1:colcon.colcon_core.environment:create_file_with_runtime_dependencies(/root/host_dir/Workspace/ros_ws/install/urdf_tutorial/share/colcon-core/packages/urdf_tutorial)
[1.020s] Level 1:colcon.colcon_core.shell:create_environment_hook('ros_tutorial', 'pythonpath_develop')
[1.021s] INFO:colcon.colcon_core.shell:Creating environment hook '/root/host_dir/Workspace/ros_ws/build/ros_tutorial/share/ros_tutorial/hook/pythonpath_develop.ps1'
[1.022s] INFO:colcon.colcon_core.shell:Creating environment descriptor '/root/host_dir/Workspace/ros_ws/build/ros_tutorial/share/ros_tutorial/hook/pythonpath_develop.dsv'
[1.022s] DEBUG:colcon.colcon_core.event_handler.log_command:Invoked command in '/root/host_dir/Workspace/ros_ws/build/ros_tutorial' returned '0': PYTHONPATH=/root/host_dir/Workspace/ros_ws/build/ros_tutorial/prefix_override:/root/host_dir/Workspace/ros_ws/install/ros_tutorial/lib/python3.10/site-packages:${PYTHONPATH} /usr/bin/python3 setup.py develop --editable --build-directory /root/host_dir/Workspace/ros_ws/build/ros_tutorial/build --no-deps install_data
[1.023s] INFO:colcon.colcon_core.shell:Creating environment hook '/root/host_dir/Workspace/ros_ws/build/ros_tutorial/share/ros_tutorial/hook/pythonpath_develop.sh'
[1.024s] Level 1:colcon.colcon_core.environment:checking '/root/host_dir/Workspace/ros_ws/install/ros_tutorial' for CMake module files
[1.027s] Level 1:colcon.colcon_core.environment:checking '/root/host_dir/Workspace/ros_ws/install/ros_tutorial' for CMake config files
[1.031s] Level 1:colcon.colcon_core.environment:checking '/root/host_dir/Workspace/ros_ws/install/ros_tutorial/lib'
[1.031s] Level 1:colcon.colcon_core.environment:checking '/root/host_dir/Workspace/ros_ws/install/ros_tutorial/bin'
[1.031s] Level 1:colcon.colcon_core.environment:checking '/root/host_dir/Workspace/ros_ws/install/ros_tutorial/lib/pkgconfig/ros_tutorial.pc'
[1.032s] Level 1:colcon.colcon_core.environment:checking '/root/host_dir/Workspace/ros_ws/install/ros_tutorial/lib/python3.10/site-packages'
[1.032s] Level 1:colcon.colcon_core.shell:create_environment_hook('ros_tutorial', 'pythonpath')
[1.033s] INFO:colcon.colcon_core.shell:Creating environment hook '/root/host_dir/Workspace/ros_ws/install/ros_tutorial/share/ros_tutorial/hook/pythonpath.ps1'
[1.034s] INFO:colcon.colcon_core.shell:Creating environment descriptor '/root/host_dir/Workspace/ros_ws/install/ros_tutorial/share/ros_tutorial/hook/pythonpath.dsv'
[1.035s] INFO:colcon.colcon_core.shell:Creating environment hook '/root/host_dir/Workspace/ros_ws/install/ros_tutorial/share/ros_tutorial/hook/pythonpath.sh'
[1.036s] Level 1:colcon.colcon_core.environment:checking '/root/host_dir/Workspace/ros_ws/install/ros_tutorial/bin'
[1.036s] Level 1:colcon.colcon_core.environment:create_environment_scripts_only(ros_tutorial)
[1.037s] INFO:colcon.colcon_core.shell:Creating package script '/root/host_dir/Workspace/ros_ws/install/ros_tutorial/share/ros_tutorial/package.ps1'
[1.038s] INFO:colcon.colcon_core.shell:Creating package descriptor '/root/host_dir/Workspace/ros_ws/install/ros_tutorial/share/ros_tutorial/package.dsv'
[1.039s] INFO:colcon.colcon_core.shell:Creating package script '/root/host_dir/Workspace/ros_ws/install/ros_tutorial/share/ros_tutorial/package.sh'
[1.039s] INFO:colcon.colcon_core.shell:Creating package script '/root/host_dir/Workspace/ros_ws/install/ros_tutorial/share/ros_tutorial/package.bash'
[1.040s] INFO:colcon.colcon_core.shell:Creating package script '/root/host_dir/Workspace/ros_ws/install/ros_tutorial/share/ros_tutorial/package.zsh'
[1.040s] Level 1:colcon.colcon_core.environment:create_file_with_runtime_dependencies(/root/host_dir/Workspace/ros_ws/install/ros_tutorial/share/colcon-core/packages/ros_tutorial)
[1.041s] DEBUG:colcon.colcon_parallel_executor.executor.parallel:closing loop
[1.041s] DEBUG:colcon.colcon_parallel_executor.executor.parallel:loop closed
[1.041s] DEBUG:colcon.colcon_parallel_executor.executor.parallel:run_until_complete finished with '0'
[1.041s] DEBUG:colcon.colcon_core.event_reactor:joining thread
[1.046s] INFO:colcon.colcon_core.plugin_system:Skipping extension 'colcon_notification.desktop_notification.notify_send': Could not find 'notify-send'
[1.046s] INFO:colcon.colcon_core.plugin_system:Skipping extension 'colcon_notification.desktop_notification.terminal_notifier': Not used on non-Darwin systems
[1.047s] INFO:colcon.colcon_core.plugin_system:Skipping extension 'colcon_notification.desktop_notification.win32': Not used on non-Windows systems
[1.047s] INFO:colcon.colcon_notification.desktop_notification:Sending desktop notification using 'notify2'
[1.049s] DEBUG:colcon.colcon_notification.desktop_notification.notify2:Failed to initialize notify2: org.freedesktop.DBus.Error.Spawn.ExecFailed: /usr/bin/dbus-launch terminated abnormally without any error message
[1.049s] DEBUG:colcon.colcon_core.event_reactor:joined thread
[1.050s] INFO:colcon.colcon_core.shell:Creating prefix script '/root/host_dir/Workspace/ros_ws/install/local_setup.ps1'
[1.052s] INFO:colcon.colcon_core.shell:Creating prefix util module '/root/host_dir/Workspace/ros_ws/install/_local_setup_util_ps1.py'
[1.053s] INFO:colcon.colcon_core.shell:Creating prefix chain script '/root/host_dir/Workspace/ros_ws/install/setup.ps1'
[1.056s] INFO:colcon.colcon_core.shell:Creating prefix script '/root/host_dir/Workspace/ros_ws/install/local_setup.sh'
[1.057s] INFO:colcon.colcon_core.shell:Creating prefix util module '/root/host_dir/Workspace/ros_ws/install/_local_setup_util_sh.py'
[1.057s] INFO:colcon.colcon_core.shell:Creating prefix chain script '/root/host_dir/Workspace/ros_ws/install/setup.sh'
[1.060s] INFO:colcon.colcon_core.shell:Creating prefix script '/root/host_dir/Workspace/ros_ws/install/local_setup.bash'
[1.061s] INFO:colcon.colcon_core.shell:Creating prefix chain script '/root/host_dir/Workspace/ros_ws/install/setup.bash'
[1.063s] INFO:colcon.colcon_core.shell:Creating prefix script '/root/host_dir/Workspace/ros_ws/install/local_setup.zsh'
[1.063s] INFO:colcon.colcon_core.shell:Creating prefix chain script '/root/host_dir/Workspace/ros_ws/install/setup.zsh'
