[0.270s] Invoking command in '/root/Workspace/ros_ws/build/ros_tutorial': PYTHONPATH=/root/Workspace/ros_ws/build/ros_tutorial/prefix_override:/root/Workspace/ros_ws/install/ros_tutorial/lib/python3.10/site-packages:${PYTHONPATH} /usr/bin/python3 setup.py develop --editable --build-directory /root/Workspace/ros_ws/build/ros_tutorial/build --no-deps install_data
[0.381s] running develop
[0.381s] /usr/lib/python3/dist-packages/setuptools/command/easy_install.py:158: EasyInstallDeprecationWarning: easy_install command is deprecated. Use build and pip and other standards-based tools.
[0.381s]   warnings.warn(
[0.382s] /usr/lib/python3/dist-packages/setuptools/command/install.py:34: SetuptoolsDeprecationWarning: setup.py install is deprecated. Use build and pip and other standards-based tools.
[0.382s]   warnings.warn(
[0.435s] running egg_info
[0.435s] writing ros_tutorial.egg-info/PKG-INFO
[0.435s] writing dependency_links to ros_tutorial.egg-info/dependency_links.txt
[0.435s] writing entry points to ros_tutorial.egg-info/entry_points.txt
[0.435s] writing requirements to ros_tutorial.egg-info/requires.txt
[0.435s] writing top-level names to ros_tutorial.egg-info/top_level.txt
[0.436s] reading manifest file 'ros_tutorial.egg-info/SOURCES.txt'
[0.437s] writing manifest file 'ros_tutorial.egg-info/SOURCES.txt'
[0.437s] running build_ext
[0.438s] Creating /root/Workspace/ros_ws/install/ros_tutorial/lib/python3.10/site-packages/ros-tutorial.egg-link (link to .)
[0.438s] Installing turtlesim_circle script to /root/Workspace/ros_ws/install/ros_tutorial/lib/ros_tutorial
[0.438s] 
[0.438s] Installed /root/Workspace/ros_ws/build/ros_tutorial
[0.438s] running install_data
[0.453s] Invoked command in '/root/Workspace/ros_ws/build/ros_tutorial' returned '0': PYTHONPATH=/root/Workspace/ros_ws/build/ros_tutorial/prefix_override:/root/Workspace/ros_ws/install/ros_tutorial/lib/python3.10/site-packages:${PYTHONPATH} /usr/bin/python3 setup.py develop --editable --build-directory /root/Workspace/ros_ws/build/ros_tutorial/build --no-deps install_data
