[0.539s] Invoking command in '/root/host_dir/Workspace/ros_ws/build/ros_tutorial': PYTHONPATH=/root/host_dir/Workspace/ros_ws/build/ros_tutorial/prefix_override:/root/host_dir/Workspace/ros_ws/install/ros_tutorial/lib/python3.10/site-packages:${PYTHONPATH} /usr/bin/python3 setup.py develop --editable --build-directory /root/host_dir/Workspace/ros_ws/build/ros_tutorial/build --no-deps install_data
[0.680s] running develop
[0.756s] running egg_info
[0.757s] writing ros_tutorial.egg-info/PKG-INFO
[0.759s] writing dependency_links to ros_tutorial.egg-info/dependency_links.txt
[0.761s] writing entry points to ros_tutorial.egg-info/entry_points.txt
[0.762s] writing requirements to ros_tutorial.egg-info/requires.txt
[0.763s] writing top-level names to ros_tutorial.egg-info/top_level.txt
[0.764s] reading manifest file 'ros_tutorial.egg-info/SOURCES.txt'
[0.768s] writing manifest file 'ros_tutorial.egg-info/SOURCES.txt'
[0.768s] running build_ext
[0.770s] Creating /root/host_dir/Workspace/ros_ws/install/ros_tutorial/lib/python3.10/site-packages/ros-tutorial.egg-link (link to .)
[0.774s] Installing turtlesim_abs_client script to /root/host_dir/Workspace/ros_ws/install/ros_tutorial/lib/ros_tutorial
[0.775s] Installing turtlesim_abs_server script to /root/host_dir/Workspace/ros_ws/install/ros_tutorial/lib/ros_tutorial
[0.776s] Installing turtlesim_circle script to /root/host_dir/Workspace/ros_ws/install/ros_tutorial/lib/ros_tutorial
[0.777s] Installing turtlesim_echo script to /root/host_dir/Workspace/ros_ws/install/ros_tutorial/lib/ros_tutorial
[0.778s] Installing turtlesim_rot_client script to /root/host_dir/Workspace/ros_ws/install/ros_tutorial/lib/ros_tutorial
[0.779s] Installing turtlesim_rot_server script to /root/host_dir/Workspace/ros_ws/install/ros_tutorial/lib/ros_tutorial
[0.780s] 
[0.785s] Installed /root/host_dir/Workspace/ros_ws/build/ros_tutorial
[0.786s] running install_data
[0.829s] Invoked command in '/root/host_dir/Workspace/ros_ws/build/ros_tutorial' returned '0': PYTHONPATH=/root/host_dir/Workspace/ros_ws/build/ros_tutorial/prefix_override:/root/host_dir/Workspace/ros_ws/install/ros_tutorial/lib/python3.10/site-packages:${PYTHONPATH} /usr/bin/python3 setup.py develop --editable --build-directory /root/host_dir/Workspace/ros_ws/build/ros_tutorial/build --no-deps install_data
