[0.274s] DEBUG:colcon:Command line arguments: ['/usr/bin/colcon', 'build', '--symlink-install']
[0.274s] DEBUG:colcon:Parsed command line arguments: Namespace(log_base=None, log_level=None, verb_name='build', build_base='build', install_base='install', merge_install=False, symlink_install=True, test_result_base=None, continue_on_error=False, executor='parallel', parallel_workers=4, event_handlers=None, ignore_user_meta=False, metas=['./colcon.meta'], base_paths=['.'], packages_ignore=None, packages_ignore_regex=None, paths=None, packages_up_to=None, packages_up_to_regex=None, packages_above=None, packages_above_and_dependencies=None, packages_above_depth=None, packages_select_by_dep=None, packages_skip_by_dep=None, packages_skip_up_to=None, packages_select_build_failed=False, packages_skip_build_finished=False, packages_select_test_failures=False, packages_skip_test_passed=False, packages_select=None, packages_skip=None, packages_select_regex=None, packages_skip_regex=None, packages_start=None, packages_end=None, cmake_args=None, cmake_target=None, cmake_target_skip_unavailable=False, cmake_clean_cache=False, cmake_clean_first=False, cmake_force_configure=False, ament_cmake_args=None, catkin_cmake_args=None, catkin_skip_building_tests=False, mixin_files=None, mixin=None, verb_parser=<colcon_mixin.mixin.mixin_argument.MixinArgumentDecorator object at 0xffff8e068ee0>, verb_extension=<colcon_core.verb.build.BuildVerb object at 0xffff8e068850>, main=<bound method BuildVerb.main of <colcon_core.verb.build.BuildVerb object at 0xffff8e068850>>, mixin_verb=('build',))
[0.309s] Level 1:colcon.colcon_core.package_discovery:discover_packages(colcon_meta) check parameters
[0.310s] INFO:colcon.colcon_metadata.package_discovery.colcon_meta:Using configuration from '/root/.colcon/metadata/default/Gazebo.meta'
[0.310s] INFO:colcon.colcon_metadata.package_discovery.colcon_meta:Using configuration from '/root/.colcon/metadata/default/fastrtps.meta'
[0.310s] Level 1:colcon.colcon_core.package_discovery:discover_packages(recursive) check parameters
[0.310s] Level 1:colcon.colcon_core.package_discovery:discover_packages(ignore) check parameters
[0.310s] Level 1:colcon.colcon_core.package_discovery:discover_packages(path) check parameters
[0.310s] Level 1:colcon.colcon_core.package_discovery:discover_packages(colcon_meta) discover
[0.311s] Level 1:colcon.colcon_core.package_discovery:discover_packages(recursive) discover
[0.311s] INFO:colcon.colcon_core.package_discovery:Crawling recursively for packages in '/root/host_dir/Workspace/ros_ws'
[0.311s] Level 1:colcon.colcon_core.package_identification:_identify(.) by extensions ['ignore', 'ignore_ament_install']
[0.311s] Level 1:colcon.colcon_core.package_identification:_identify(.) by extension 'ignore'
[0.311s] Level 1:colcon.colcon_core.package_identification:_identify(.) by extension 'ignore_ament_install'
[0.312s] Level 1:colcon.colcon_core.package_identification:_identify(.) by extensions ['colcon_pkg']
[0.312s] Level 1:colcon.colcon_core.package_identification:_identify(.) by extension 'colcon_pkg'
[0.312s] Level 1:colcon.colcon_core.package_identification:_identify(.) by extensions ['colcon_meta']
[0.312s] Level 1:colcon.colcon_core.package_identification:_identify(.) by extension 'colcon_meta'
[0.312s] Level 1:colcon.colcon_core.package_identification:_identify(.) by extensions ['ros']
[0.312s] Level 1:colcon.colcon_core.package_identification:_identify(.) by extension 'ros'
[0.321s] Level 1:colcon.colcon_core.package_identification:_identify(.) by extensions ['cmake', 'python']
[0.321s] Level 1:colcon.colcon_core.package_identification:_identify(.) by extension 'cmake'
[0.321s] Level 1:colcon.colcon_core.package_identification:_identify(.) by extension 'python'
[0.321s] Level 1:colcon.colcon_core.package_identification:_identify(.) by extensions ['python_setup_py']
[0.321s] Level 1:colcon.colcon_core.package_identification:_identify(.) by extension 'python_setup_py'
[0.322s] Level 1:colcon.colcon_core.package_identification:_identify(build) by extensions ['ignore', 'ignore_ament_install']
[0.322s] Level 1:colcon.colcon_core.package_identification:_identify(build) by extension 'ignore'
[0.322s] Level 1:colcon.colcon_core.package_identification:_identify(build) ignored
[0.323s] Level 1:colcon.colcon_core.package_identification:_identify(install) by extensions ['ignore', 'ignore_ament_install']
[0.323s] Level 1:colcon.colcon_core.package_identification:_identify(install) by extension 'ignore'
[0.323s] Level 1:colcon.colcon_core.package_identification:_identify(install) ignored
[0.325s] Level 1:colcon.colcon_core.package_identification:_identify(log) by extensions ['ignore', 'ignore_ament_install']
[0.325s] Level 1:colcon.colcon_core.package_identification:_identify(log) by extension 'ignore'
[0.325s] Level 1:colcon.colcon_core.package_identification:_identify(log) ignored
[0.326s] Level 1:colcon.colcon_core.package_identification:_identify(src) by extensions ['ignore', 'ignore_ament_install']
[0.326s] Level 1:colcon.colcon_core.package_identification:_identify(src) by extension 'ignore'
[0.326s] Level 1:colcon.colcon_core.package_identification:_identify(src) by extension 'ignore_ament_install'
[0.326s] Level 1:colcon.colcon_core.package_identification:_identify(src) by extensions ['colcon_pkg']
[0.326s] Level 1:colcon.colcon_core.package_identification:_identify(src) by extension 'colcon_pkg'
[0.327s] Level 1:colcon.colcon_core.package_identification:_identify(src) by extensions ['colcon_meta']
[0.327s] Level 1:colcon.colcon_core.package_identification:_identify(src) by extension 'colcon_meta'
[0.327s] Level 1:colcon.colcon_core.package_identification:_identify(src) by extensions ['ros']
[0.327s] Level 1:colcon.colcon_core.package_identification:_identify(src) by extension 'ros'
[0.327s] Level 1:colcon.colcon_core.package_identification:_identify(src) by extensions ['cmake', 'python']
[0.327s] Level 1:colcon.colcon_core.package_identification:_identify(src) by extension 'cmake'
[0.327s] Level 1:colcon.colcon_core.package_identification:_identify(src) by extension 'python'
[0.328s] Level 1:colcon.colcon_core.package_identification:_identify(src) by extensions ['python_setup_py']
[0.328s] Level 1:colcon.colcon_core.package_identification:_identify(src) by extension 'python_setup_py'
[0.328s] Level 1:colcon.colcon_core.package_identification:_identify(src/ros_tutorial) by extensions ['ignore', 'ignore_ament_install']
[0.328s] Level 1:colcon.colcon_core.package_identification:_identify(src/ros_tutorial) by extension 'ignore'
[0.329s] Level 1:colcon.colcon_core.package_identification:_identify(src/ros_tutorial) by extension 'ignore_ament_install'
[0.329s] Level 1:colcon.colcon_core.package_identification:_identify(src/ros_tutorial) by extensions ['colcon_pkg']
[0.329s] Level 1:colcon.colcon_core.package_identification:_identify(src/ros_tutorial) by extension 'colcon_pkg'
[0.329s] Level 1:colcon.colcon_core.package_identification:_identify(src/ros_tutorial) by extensions ['colcon_meta']
[0.329s] Level 1:colcon.colcon_core.package_identification:_identify(src/ros_tutorial) by extension 'colcon_meta'
[0.329s] Level 1:colcon.colcon_core.package_identification:_identify(src/ros_tutorial) by extensions ['ros']
[0.329s] Level 1:colcon.colcon_core.package_identification:_identify(src/ros_tutorial) by extension 'ros'
[0.331s] DEBUG:colcon.colcon_core.package_identification:Package 'src/ros_tutorial' with type 'ros.ament_python' and name 'ros_tutorial'
[0.332s] Level 1:colcon.colcon_core.package_identification:_identify(src/urdf_tutorial) by extensions ['ignore', 'ignore_ament_install']
[0.332s] Level 1:colcon.colcon_core.package_identification:_identify(src/urdf_tutorial) by extension 'ignore'
[0.333s] Level 1:colcon.colcon_core.package_identification:_identify(src/urdf_tutorial) by extension 'ignore_ament_install'
[0.333s] Level 1:colcon.colcon_core.package_identification:_identify(src/urdf_tutorial) by extensions ['colcon_pkg']
[0.333s] Level 1:colcon.colcon_core.package_identification:_identify(src/urdf_tutorial) by extension 'colcon_pkg'
[0.333s] Level 1:colcon.colcon_core.package_identification:_identify(src/urdf_tutorial) by extensions ['colcon_meta']
[0.333s] Level 1:colcon.colcon_core.package_identification:_identify(src/urdf_tutorial) by extension 'colcon_meta'
[0.333s] Level 1:colcon.colcon_core.package_identification:_identify(src/urdf_tutorial) by extensions ['ros']
[0.333s] Level 1:colcon.colcon_core.package_identification:_identify(src/urdf_tutorial) by extension 'ros'
[0.334s] DEBUG:colcon.colcon_core.package_identification:Package 'src/urdf_tutorial' with type 'ros.ament_python' and name 'urdf_tutorial'
[0.334s] Level 1:colcon.colcon_core.package_discovery:discover_packages(recursive) using defaults
[0.334s] Level 1:colcon.colcon_core.package_discovery:discover_packages(ignore) discover
[0.335s] Level 1:colcon.colcon_core.package_discovery:discover_packages(ignore) using defaults
[0.335s] Level 1:colcon.colcon_core.package_discovery:discover_packages(path) discover
[0.335s] Level 1:colcon.colcon_core.package_discovery:discover_packages(path) using defaults
[0.356s] Level 5:colcon.colcon_core.verb:set package 'ros_tutorial' build argument 'cmake_args' from command line to 'None'
[0.356s] Level 5:colcon.colcon_core.verb:set package 'ros_tutorial' build argument 'cmake_target' from command line to 'None'
[0.356s] Level 5:colcon.colcon_core.verb:set package 'ros_tutorial' build argument 'cmake_target_skip_unavailable' from command line to 'False'
[0.357s] Level 5:colcon.colcon_core.verb:set package 'ros_tutorial' build argument 'cmake_clean_cache' from command line to 'False'
[0.357s] Level 5:colcon.colcon_core.verb:set package 'ros_tutorial' build argument 'cmake_clean_first' from command line to 'False'
[0.357s] Level 5:colcon.colcon_core.verb:set package 'ros_tutorial' build argument 'cmake_force_configure' from command line to 'False'
[0.357s] Level 5:colcon.colcon_core.verb:set package 'ros_tutorial' build argument 'ament_cmake_args' from command line to 'None'
[0.357s] Level 5:colcon.colcon_core.verb:set package 'ros_tutorial' build argument 'catkin_cmake_args' from command line to 'None'
[0.357s] Level 5:colcon.colcon_core.verb:set package 'ros_tutorial' build argument 'catkin_skip_building_tests' from command line to 'False'
[0.357s] DEBUG:colcon.colcon_core.verb:Building package 'ros_tutorial' with the following arguments: {'ament_cmake_args': None, 'build_base': '/root/host_dir/Workspace/ros_ws/build/ros_tutorial', 'catkin_cmake_args': None, 'catkin_skip_building_tests': False, 'cmake_args': None, 'cmake_clean_cache': False, 'cmake_clean_first': False, 'cmake_force_configure': False, 'cmake_target': None, 'cmake_target_skip_unavailable': False, 'install_base': '/root/host_dir/Workspace/ros_ws/install/ros_tutorial', 'merge_install': False, 'path': '/root/host_dir/Workspace/ros_ws/src/ros_tutorial', 'symlink_install': True, 'test_result_base': None}
[0.358s] Level 5:colcon.colcon_core.verb:set package 'urdf_tutorial' build argument 'cmake_args' from command line to 'None'
[0.358s] Level 5:colcon.colcon_core.verb:set package 'urdf_tutorial' build argument 'cmake_target' from command line to 'None'
[0.358s] Level 5:colcon.colcon_core.verb:set package 'urdf_tutorial' build argument 'cmake_target_skip_unavailable' from command line to 'False'
[0.358s] Level 5:colcon.colcon_core.verb:set package 'urdf_tutorial' build argument 'cmake_clean_cache' from command line to 'False'
[0.358s] Level 5:colcon.colcon_core.verb:set package 'urdf_tutorial' build argument 'cmake_clean_first' from command line to 'False'
[0.358s] Level 5:colcon.colcon_core.verb:set package 'urdf_tutorial' build argument 'cmake_force_configure' from command line to 'False'
[0.358s] Level 5:colcon.colcon_core.verb:set package 'urdf_tutorial' build argument 'ament_cmake_args' from command line to 'None'
[0.358s] Level 5:colcon.colcon_core.verb:set package 'urdf_tutorial' build argument 'catkin_cmake_args' from command line to 'None'
[0.358s] Level 5:colcon.colcon_core.verb:set package 'urdf_tutorial' build argument 'catkin_skip_building_tests' from command line to 'False'
[0.358s] DEBUG:colcon.colcon_core.verb:Building package 'urdf_tutorial' with the following arguments: {'ament_cmake_args': None, 'build_base': '/root/host_dir/Workspace/ros_ws/build/urdf_tutorial', 'catkin_cmake_args': None, 'catkin_skip_building_tests': False, 'cmake_args': None, 'cmake_clean_cache': False, 'cmake_clean_first': False, 'cmake_force_configure': False, 'cmake_target': None, 'cmake_target_skip_unavailable': False, 'install_base': '/root/host_dir/Workspace/ros_ws/install/urdf_tutorial', 'merge_install': False, 'path': '/root/host_dir/Workspace/ros_ws/src/urdf_tutorial', 'symlink_install': True, 'test_result_base': None}
[0.359s] INFO:colcon.colcon_core.executor:Executing jobs using 'parallel' executor
[0.361s] DEBUG:colcon.colcon_parallel_executor.executor.parallel:run_until_complete
[0.361s] INFO:colcon.colcon_ros.task.ament_python.build:Building ROS package in '/root/host_dir/Workspace/ros_ws/src/ros_tutorial' with build type 'ament_python'
[0.361s] Level 1:colcon.colcon_core.shell:create_environment_hook('ros_tutorial', 'ament_prefix_path')
[0.366s] INFO:colcon.colcon_core.plugin_system:Skipping extension 'colcon_core.shell.bat': Not used on non-Windows systems
[0.366s] INFO:colcon.colcon_core.shell:Creating environment hook '/root/host_dir/Workspace/ros_ws/install/ros_tutorial/share/ros_tutorial/hook/ament_prefix_path.ps1'
[0.369s] INFO:colcon.colcon_core.shell:Creating environment descriptor '/root/host_dir/Workspace/ros_ws/install/ros_tutorial/share/ros_tutorial/hook/ament_prefix_path.dsv'
[0.370s] INFO:colcon.colcon_core.shell:Creating environment hook '/root/host_dir/Workspace/ros_ws/install/ros_tutorial/share/ros_tutorial/hook/ament_prefix_path.sh'
[0.371s] INFO:colcon.colcon_core.shell:Skip shell extension 'powershell' for command environment: Not usable outside of PowerShell
[0.371s] DEBUG:colcon.colcon_core.shell:Skip shell extension 'dsv' for command environment
[0.379s] INFO:colcon.colcon_ros.task.ament_python.build:Building ROS package in '/root/host_dir/Workspace/ros_ws/src/urdf_tutorial' with build type 'ament_python'
[0.379s] Level 1:colcon.colcon_core.shell:create_environment_hook('urdf_tutorial', 'ament_prefix_path')
[0.379s] INFO:colcon.colcon_core.shell:Creating environment hook '/root/host_dir/Workspace/ros_ws/install/urdf_tutorial/share/urdf_tutorial/hook/ament_prefix_path.ps1'
[0.380s] INFO:colcon.colcon_core.shell:Creating environment descriptor '/root/host_dir/Workspace/ros_ws/install/urdf_tutorial/share/urdf_tutorial/hook/ament_prefix_path.dsv'
[0.381s] INFO:colcon.colcon_core.shell:Creating environment hook '/root/host_dir/Workspace/ros_ws/install/urdf_tutorial/share/urdf_tutorial/hook/ament_prefix_path.sh'
[0.382s] INFO:colcon.colcon_core.shell:Skip shell extension 'powershell' for command environment: Not usable outside of PowerShell
[0.382s] DEBUG:colcon.colcon_core.shell:Skip shell extension 'dsv' for command environment
[0.526s] INFO:colcon.colcon_core.task.python.build:Building Python package in '/root/host_dir/Workspace/ros_ws/src/ros_tutorial'
[0.527s] INFO:colcon.colcon_core.shell:Skip shell extension 'powershell' for command environment: Not usable outside of PowerShell
[0.527s] DEBUG:colcon.colcon_core.shell:Skip shell extension 'dsv' for command environment
[0.676s] INFO:colcon.colcon_core.task.python.build:Building Python package in '/root/host_dir/Workspace/ros_ws/src/urdf_tutorial'
[0.677s] INFO:colcon.colcon_core.shell:Skip shell extension 'powershell' for command environment: Not usable outside of PowerShell
[0.678s] DEBUG:colcon.colcon_core.shell:Skip shell extension 'dsv' for command environment
[0.912s] DEBUG:colcon.colcon_core.event_handler.log_command:Invoking command in '/root/host_dir/Workspace/ros_ws/build/ros_tutorial': PYTHONPATH=/root/host_dir/Workspace/ros_ws/build/ros_tutorial/prefix_override:/root/host_dir/Workspace/ros_ws/install/ros_tutorial/lib/python3.10/site-packages:${PYTHONPATH} /usr/bin/python3 setup.py develop --editable --build-directory /root/host_dir/Workspace/ros_ws/build/ros_tutorial/build --no-deps install_data
[0.919s] DEBUG:colcon.colcon_core.event_handler.log_command:Invoking command in '/root/host_dir/Workspace/ros_ws/build/urdf_tutorial': PYTHONPATH=/root/host_dir/Workspace/ros_ws/build/urdf_tutorial/prefix_override:/root/host_dir/Workspace/ros_ws/install/urdf_tutorial/lib/python3.10/site-packages:${PYTHONPATH} /usr/bin/python3 setup.py develop --editable --build-directory /root/host_dir/Workspace/ros_ws/build/urdf_tutorial/build --no-deps install_data
[1.204s] Level 1:colcon.colcon_core.shell:create_environment_hook('urdf_tutorial', 'pythonpath_develop')
[1.205s] INFO:colcon.colcon_core.shell:Creating environment hook '/root/host_dir/Workspace/ros_ws/build/urdf_tutorial/share/urdf_tutorial/hook/pythonpath_develop.ps1'
[1.206s] DEBUG:colcon.colcon_core.event_handler.log_command:Invoked command in '/root/host_dir/Workspace/ros_ws/build/urdf_tutorial' returned '0': PYTHONPATH=/root/host_dir/Workspace/ros_ws/build/urdf_tutorial/prefix_override:/root/host_dir/Workspace/ros_ws/install/urdf_tutorial/lib/python3.10/site-packages:${PYTHONPATH} /usr/bin/python3 setup.py develop --editable --build-directory /root/host_dir/Workspace/ros_ws/build/urdf_tutorial/build --no-deps install_data
[1.207s] INFO:colcon.colcon_core.shell:Creating environment descriptor '/root/host_dir/Workspace/ros_ws/build/urdf_tutorial/share/urdf_tutorial/hook/pythonpath_develop.dsv'
[1.207s] INFO:colcon.colcon_core.shell:Creating environment hook '/root/host_dir/Workspace/ros_ws/build/urdf_tutorial/share/urdf_tutorial/hook/pythonpath_develop.sh'
[1.213s] Level 1:colcon.colcon_core.environment:checking '/root/host_dir/Workspace/ros_ws/install/urdf_tutorial' for CMake module files
[1.215s] Level 1:colcon.colcon_core.environment:checking '/root/host_dir/Workspace/ros_ws/install/urdf_tutorial' for CMake config files
[1.219s] Level 1:colcon.colcon_core.environment:checking '/root/host_dir/Workspace/ros_ws/install/urdf_tutorial/lib'
[1.219s] Level 1:colcon.colcon_core.environment:checking '/root/host_dir/Workspace/ros_ws/install/urdf_tutorial/bin'
[1.220s] Level 1:colcon.colcon_core.environment:checking '/root/host_dir/Workspace/ros_ws/install/urdf_tutorial/lib/pkgconfig/urdf_tutorial.pc'
[1.220s] Level 1:colcon.colcon_core.environment:checking '/root/host_dir/Workspace/ros_ws/install/urdf_tutorial/lib/python3.10/site-packages'
[1.220s] Level 1:colcon.colcon_core.shell:create_environment_hook('urdf_tutorial', 'pythonpath')
[1.221s] INFO:colcon.colcon_core.shell:Creating environment hook '/root/host_dir/Workspace/ros_ws/install/urdf_tutorial/share/urdf_tutorial/hook/pythonpath.ps1'
[1.221s] INFO:colcon.colcon_core.shell:Creating environment descriptor '/root/host_dir/Workspace/ros_ws/install/urdf_tutorial/share/urdf_tutorial/hook/pythonpath.dsv'
[1.222s] INFO:colcon.colcon_core.shell:Creating environment hook '/root/host_dir/Workspace/ros_ws/install/urdf_tutorial/share/urdf_tutorial/hook/pythonpath.sh'
[1.223s] Level 1:colcon.colcon_core.environment:checking '/root/host_dir/Workspace/ros_ws/install/urdf_tutorial/bin'
[1.223s] Level 1:colcon.colcon_core.environment:create_environment_scripts_only(urdf_tutorial)
[1.224s] INFO:colcon.colcon_core.shell:Creating package script '/root/host_dir/Workspace/ros_ws/install/urdf_tutorial/share/urdf_tutorial/package.ps1'
[1.225s] INFO:colcon.colcon_core.shell:Creating package descriptor '/root/host_dir/Workspace/ros_ws/install/urdf_tutorial/share/urdf_tutorial/package.dsv'
[1.225s] INFO:colcon.colcon_core.shell:Creating package script '/root/host_dir/Workspace/ros_ws/install/urdf_tutorial/share/urdf_tutorial/package.sh'
[1.226s] INFO:colcon.colcon_core.shell:Creating package script '/root/host_dir/Workspace/ros_ws/install/urdf_tutorial/share/urdf_tutorial/package.bash'
[1.227s] INFO:colcon.colcon_core.shell:Creating package script '/root/host_dir/Workspace/ros_ws/install/urdf_tutorial/share/urdf_tutorial/package.zsh'
[1.228s] Level 1:colcon.colcon_core.environment:create_file_with_runtime_dependencies(/root/host_dir/Workspace/ros_ws/install/urdf_tutorial/share/colcon-core/packages/urdf_tutorial)
[1.229s] Level 1:colcon.colcon_core.shell:create_environment_hook('ros_tutorial', 'pythonpath_develop')
[1.229s] INFO:colcon.colcon_core.shell:Creating environment hook '/root/host_dir/Workspace/ros_ws/build/ros_tutorial/share/ros_tutorial/hook/pythonpath_develop.ps1'
[1.231s] INFO:colcon.colcon_core.shell:Creating environment descriptor '/root/host_dir/Workspace/ros_ws/build/ros_tutorial/share/ros_tutorial/hook/pythonpath_develop.dsv'
[1.232s] DEBUG:colcon.colcon_core.event_handler.log_command:Invoked command in '/root/host_dir/Workspace/ros_ws/build/ros_tutorial' returned '0': PYTHONPATH=/root/host_dir/Workspace/ros_ws/build/ros_tutorial/prefix_override:/root/host_dir/Workspace/ros_ws/install/ros_tutorial/lib/python3.10/site-packages:${PYTHONPATH} /usr/bin/python3 setup.py develop --editable --build-directory /root/host_dir/Workspace/ros_ws/build/ros_tutorial/build --no-deps install_data
[1.232s] INFO:colcon.colcon_core.shell:Creating environment hook '/root/host_dir/Workspace/ros_ws/build/ros_tutorial/share/ros_tutorial/hook/pythonpath_develop.sh'
[1.234s] Level 1:colcon.colcon_core.environment:checking '/root/host_dir/Workspace/ros_ws/install/ros_tutorial' for CMake module files
[1.236s] Level 1:colcon.colcon_core.environment:checking '/root/host_dir/Workspace/ros_ws/install/ros_tutorial' for CMake config files
[1.240s] Level 1:colcon.colcon_core.environment:checking '/root/host_dir/Workspace/ros_ws/install/ros_tutorial/lib'
[1.240s] Level 1:colcon.colcon_core.environment:checking '/root/host_dir/Workspace/ros_ws/install/ros_tutorial/bin'
[1.240s] Level 1:colcon.colcon_core.environment:checking '/root/host_dir/Workspace/ros_ws/install/ros_tutorial/lib/pkgconfig/ros_tutorial.pc'
[1.240s] Level 1:colcon.colcon_core.environment:checking '/root/host_dir/Workspace/ros_ws/install/ros_tutorial/lib/python3.10/site-packages'
[1.241s] Level 1:colcon.colcon_core.shell:create_environment_hook('ros_tutorial', 'pythonpath')
[1.241s] INFO:colcon.colcon_core.shell:Creating environment hook '/root/host_dir/Workspace/ros_ws/install/ros_tutorial/share/ros_tutorial/hook/pythonpath.ps1'
[1.242s] INFO:colcon.colcon_core.shell:Creating environment descriptor '/root/host_dir/Workspace/ros_ws/install/ros_tutorial/share/ros_tutorial/hook/pythonpath.dsv'
[1.243s] INFO:colcon.colcon_core.shell:Creating environment hook '/root/host_dir/Workspace/ros_ws/install/ros_tutorial/share/ros_tutorial/hook/pythonpath.sh'
[1.244s] Level 1:colcon.colcon_core.environment:checking '/root/host_dir/Workspace/ros_ws/install/ros_tutorial/bin'
[1.244s] Level 1:colcon.colcon_core.environment:create_environment_scripts_only(ros_tutorial)
[1.244s] INFO:colcon.colcon_core.shell:Creating package script '/root/host_dir/Workspace/ros_ws/install/ros_tutorial/share/ros_tutorial/package.ps1'
[1.245s] INFO:colcon.colcon_core.shell:Creating package descriptor '/root/host_dir/Workspace/ros_ws/install/ros_tutorial/share/ros_tutorial/package.dsv'
[1.246s] INFO:colcon.colcon_core.shell:Creating package script '/root/host_dir/Workspace/ros_ws/install/ros_tutorial/share/ros_tutorial/package.sh'
[1.246s] INFO:colcon.colcon_core.shell:Creating package script '/root/host_dir/Workspace/ros_ws/install/ros_tutorial/share/ros_tutorial/package.bash'
[1.247s] INFO:colcon.colcon_core.shell:Creating package script '/root/host_dir/Workspace/ros_ws/install/ros_tutorial/share/ros_tutorial/package.zsh'
[1.247s] Level 1:colcon.colcon_core.environment:create_file_with_runtime_dependencies(/root/host_dir/Workspace/ros_ws/install/ros_tutorial/share/colcon-core/packages/ros_tutorial)
[1.248s] DEBUG:colcon.colcon_parallel_executor.executor.parallel:closing loop
[1.248s] DEBUG:colcon.colcon_parallel_executor.executor.parallel:loop closed
[1.248s] DEBUG:colcon.colcon_parallel_executor.executor.parallel:run_until_complete finished with '0'
[1.249s] DEBUG:colcon.colcon_core.event_reactor:joining thread
[1.263s] INFO:colcon.colcon_core.plugin_system:Skipping extension 'colcon_notification.desktop_notification.notify_send': Could not find 'notify-send'
[1.263s] INFO:colcon.colcon_core.plugin_system:Skipping extension 'colcon_notification.desktop_notification.terminal_notifier': Not used on non-Darwin systems
[1.263s] INFO:colcon.colcon_core.plugin_system:Skipping extension 'colcon_notification.desktop_notification.win32': Not used on non-Windows systems
[1.264s] INFO:colcon.colcon_notification.desktop_notification:Sending desktop notification using 'notify2'
[1.266s] DEBUG:colcon.colcon_notification.desktop_notification.notify2:Failed to initialize notify2: org.freedesktop.DBus.Error.Spawn.ExecFailed: /usr/bin/dbus-launch terminated abnormally without any error message
[1.266s] DEBUG:colcon.colcon_core.event_reactor:joined thread
[1.267s] INFO:colcon.colcon_core.shell:Creating prefix script '/root/host_dir/Workspace/ros_ws/install/local_setup.ps1'
[1.268s] INFO:colcon.colcon_core.shell:Creating prefix util module '/root/host_dir/Workspace/ros_ws/install/_local_setup_util_ps1.py'
[1.270s] INFO:colcon.colcon_core.shell:Creating prefix chain script '/root/host_dir/Workspace/ros_ws/install/setup.ps1'
[1.272s] INFO:colcon.colcon_core.shell:Creating prefix script '/root/host_dir/Workspace/ros_ws/install/local_setup.sh'
[1.273s] INFO:colcon.colcon_core.shell:Creating prefix util module '/root/host_dir/Workspace/ros_ws/install/_local_setup_util_sh.py'
[1.274s] INFO:colcon.colcon_core.shell:Creating prefix chain script '/root/host_dir/Workspace/ros_ws/install/setup.sh'
[1.276s] INFO:colcon.colcon_core.shell:Creating prefix script '/root/host_dir/Workspace/ros_ws/install/local_setup.bash'
[1.276s] INFO:colcon.colcon_core.shell:Creating prefix chain script '/root/host_dir/Workspace/ros_ws/install/setup.bash'
[1.278s] INFO:colcon.colcon_core.shell:Creating prefix script '/root/host_dir/Workspace/ros_ws/install/local_setup.zsh'
[1.278s] INFO:colcon.colcon_core.shell:Creating prefix chain script '/root/host_dir/Workspace/ros_ws/install/setup.zsh'
