[0.550s] Invoking command in '/root/host_dir/Workspace/ros_ws/build/ros_tutorial': PYTHONPATH=/root/host_dir/Workspace/ros_ws/build/ros_tutorial/prefix_override:/root/host_dir/Workspace/ros_ws/install/ros_tutorial/lib/python3.10/site-packages:${PYTHONPATH} /usr/bin/python3 setup.py develop --editable --build-directory /root/host_dir/Workspace/ros_ws/build/ros_tutorial/build --no-deps install_data
[0.705s] running develop
[0.795s] running egg_info
[0.796s] writing ros_tutorial.egg-info/PKG-INFO
[0.798s] writing dependency_links to ros_tutorial.egg-info/dependency_links.txt
[0.800s] writing entry points to ros_tutorial.egg-info/entry_points.txt
[0.801s] writing requirements to ros_tutorial.egg-info/requires.txt
[0.802s] writing top-level names to ros_tutorial.egg-info/top_level.txt
[0.804s] reading manifest file 'ros_tutorial.egg-info/SOURCES.txt'
[0.806s] writing manifest file 'ros_tutorial.egg-info/SOURCES.txt'
[0.808s] running build_ext
[0.810s] Creating /root/host_dir/Workspace/ros_ws/install/ros_tutorial/lib/python3.10/site-packages/ros-tutorial.egg-link (link to .)
[0.811s] Installing turtlesim_abs_client script to /root/host_dir/Workspace/ros_ws/install/ros_tutorial/lib/ros_tutorial
[0.814s] Installing turtlesim_abs_server script to /root/host_dir/Workspace/ros_ws/install/ros_tutorial/lib/ros_tutorial
[0.815s] Installing turtlesim_circle script to /root/host_dir/Workspace/ros_ws/install/ros_tutorial/lib/ros_tutorial
[0.816s] Installing turtlesim_echo script to /root/host_dir/Workspace/ros_ws/install/ros_tutorial/lib/ros_tutorial
[0.817s] Installing turtlesim_rot_client script to /root/host_dir/Workspace/ros_ws/install/ros_tutorial/lib/ros_tutorial
[0.818s] Installing turtlesim_rot_server script to /root/host_dir/Workspace/ros_ws/install/ros_tutorial/lib/ros_tutorial
[0.819s] 
[0.820s] Installed /root/host_dir/Workspace/ros_ws/build/ros_tutorial
[0.820s] running install_data
[0.870s] Invoked command in '/root/host_dir/Workspace/ros_ws/build/ros_tutorial' returned '0': PYTHONPATH=/root/host_dir/Workspace/ros_ws/build/ros_tutorial/prefix_override:/root/host_dir/Workspace/ros_ws/install/ros_tutorial/lib/python3.10/site-packages:${PYTHONPATH} /usr/bin/python3 setup.py develop --editable --build-directory /root/host_dir/Workspace/ros_ws/build/ros_tutorial/build --no-deps install_data
